20-Aug-2023 00:03:02.907 INFO [main] org.apache.catalina.core.StandardServer.await A valid shutdown command was received via the shutdown port. Stopping the Server instance.
20-Aug-2023 00:03:02.909 INFO [main] org.apache.coyote.AbstractProtocol.pause Pausing ProtocolHandler ["http-nio-3000"]
20-Aug-2023 00:03:02.912 INFO [main] org.apache.catalina.core.StandardService.stopInternal Stopping service [Catalina]
20-Aug-2023 00:03:02.961 INFO [main] org.apache.coyote.AbstractProtocol.stop Stopping ProtocolHandler ["http-nio-3000"]
20-Aug-2023 00:03:02.967 INFO [main] org.apache.coyote.AbstractProtocol.destroy Destroying ProtocolHandler ["http-nio-3000"]
20-Aug-2023 00:03:22.631 INFO [main] org.apache.catalina.startup.VersionLoggerListener.log Server version name:   Apache Tomcat/9.0.79
20-Aug-2023 00:03:22.633 INFO [main] org.apache.catalina.startup.VersionLoggerListener.log Server built:          Aug 8 2023 20:41:26 UTC
20-Aug-2023 00:03:22.633 INFO [main] org.apache.catalina.startup.VersionLoggerListener.log Server version number: 9.0.79.0
20-Aug-2023 00:03:22.633 INFO [main] org.apache.catalina.startup.VersionLoggerListener.log OS Name:               Linux
20-Aug-2023 00:03:22.633 INFO [main] org.apache.catalina.startup.VersionLoggerListener.log OS Version:            5.15.0-78-generic
20-Aug-2023 00:03:22.634 INFO [main] org.apache.catalina.startup.VersionLoggerListener.log Architecture:          amd64
20-Aug-2023 00:03:22.634 INFO [main] org.apache.catalina.startup.VersionLoggerListener.log Java Home:             /usr/lib/jvm/java-8-openjdk-amd64/jre
20-Aug-2023 00:03:22.634 INFO [main] org.apache.catalina.startup.VersionLoggerListener.log JVM Version:           1.8.0_382-8u382-ga-1~20.04.1-b05
20-Aug-2023 00:03:22.634 INFO [main] org.apache.catalina.startup.VersionLoggerListener.log JVM Vendor:            Private Build
20-Aug-2023 00:03:22.634 INFO [main] org.apache.catalina.startup.VersionLoggerListener.log CATALINA_BASE:         /home/ubuntu/Downloads/apache-tomcat-9.0.79
20-Aug-2023 00:03:22.634 INFO [main] org.apache.catalina.startup.VersionLoggerListener.log CATALINA_HOME:         /home/ubuntu/Downloads/apache-tomcat-9.0.79
20-Aug-2023 00:03:22.636 INFO [main] org.apache.catalina.startup.VersionLoggerListener.log Command line argument: -Djava.util.logging.config.file=/home/ubuntu/Downloads/apache-tomcat-9.0.79/conf/logging.properties
20-Aug-2023 00:03:22.636 INFO [main] org.apache.catalina.startup.VersionLoggerListener.log Command line argument: -Djava.util.logging.manager=org.apache.juli.ClassLoaderLogManager
20-Aug-2023 00:03:22.636 INFO [main] org.apache.catalina.startup.VersionLoggerListener.log Command line argument: -Djdk.tls.ephemeralDHKeySize=2048
20-Aug-2023 00:03:22.636 INFO [main] org.apache.catalina.startup.VersionLoggerListener.log Command line argument: -Djava.protocol.handler.pkgs=org.apache.catalina.webresources
20-Aug-2023 00:03:22.637 INFO [main] org.apache.catalina.startup.VersionLoggerListener.log Command line argument: -Dorg.apache.catalina.security.SecurityListener.UMASK=0027
20-Aug-2023 00:03:22.637 INFO [main] org.apache.catalina.startup.VersionLoggerListener.log Command line argument: -Dignore.endorsed.dirs=
20-Aug-2023 00:03:22.637 INFO [main] org.apache.catalina.startup.VersionLoggerListener.log Command line argument: -Dcatalina.base=/home/ubuntu/Downloads/apache-tomcat-9.0.79
20-Aug-2023 00:03:22.637 INFO [main] org.apache.catalina.startup.VersionLoggerListener.log Command line argument: -Dcatalina.home=/home/ubuntu/Downloads/apache-tomcat-9.0.79
20-Aug-2023 00:03:22.637 INFO [main] org.apache.catalina.startup.VersionLoggerListener.log Command line argument: -Djava.io.tmpdir=/home/ubuntu/Downloads/apache-tomcat-9.0.79/temp
20-Aug-2023 00:03:22.639 INFO [main] org.apache.catalina.core.AprLifecycleListener.lifecycleEvent The Apache Tomcat Native library which allows using OpenSSL was not found on the java.library.path: [/usr/java/packages/lib/amd64:/usr/lib/x86_64-linux-gnu/jni:/lib/x86_64-linux-gnu:/usr/lib/x86_64-linux-gnu:/usr/lib/jni:/lib:/usr/lib]
20-Aug-2023 00:03:23.457 INFO [main] org.apache.coyote.AbstractProtocol.init Initializing ProtocolHandler ["http-nio-3000"]
20-Aug-2023 00:03:23.526 INFO [main] org.apache.catalina.startup.Catalina.load Server initialization in [1114] milliseconds
20-Aug-2023 00:03:23.597 INFO [main] org.apache.catalina.core.StandardService.startInternal Starting service [Catalina]
20-Aug-2023 00:03:23.597 INFO [main] org.apache.catalina.core.StandardEngine.startInternal Starting Servlet engine: [Apache Tomcat/9.0.79]
20-Aug-2023 00:03:23.616 INFO [main] org.apache.catalina.startup.HostConfig.deployDirectory Deploying web application directory [/home/ubuntu/Downloads/apache-tomcat-9.0.79/webapps/manager]
20-Aug-2023 00:03:24.090 INFO [main] org.apache.catalina.startup.HostConfig.deployDirectory Deployment of web application directory [/home/ubuntu/Downloads/apache-tomcat-9.0.79/webapps/manager] has finished in [474] ms
20-Aug-2023 00:03:24.091 INFO [main] org.apache.catalina.startup.HostConfig.deployDirectory Deploying web application directory [/home/ubuntu/Downloads/apache-tomcat-9.0.79/webapps/examples]
20-Aug-2023 00:03:24.657 INFO [main] org.apache.catalina.startup.HostConfig.deployDirectory Deployment of web application directory [/home/ubuntu/Downloads/apache-tomcat-9.0.79/webapps/examples] has finished in [566] ms
20-Aug-2023 00:03:24.657 INFO [main] org.apache.catalina.startup.HostConfig.deployDirectory Deploying web application directory [/home/ubuntu/Downloads/apache-tomcat-9.0.79/webapps/ROOT]
20-Aug-2023 00:03:24.675 INFO [main] org.apache.catalina.startup.HostConfig.deployDirectory Deployment of web application directory [/home/ubuntu/Downloads/apache-tomcat-9.0.79/webapps/ROOT] has finished in [17] ms
20-Aug-2023 00:03:24.675 INFO [main] org.apache.catalina.startup.HostConfig.deployDirectory Deploying web application directory [/home/ubuntu/Downloads/apache-tomcat-9.0.79/webapps/docs]
20-Aug-2023 00:03:24.693 INFO [main] org.apache.catalina.startup.HostConfig.deployDirectory Deployment of web application directory [/home/ubuntu/Downloads/apache-tomcat-9.0.79/webapps/docs] has finished in [18] ms
20-Aug-2023 00:03:24.693 INFO [main] org.apache.catalina.startup.HostConfig.deployDirectory Deploying web application directory [/home/ubuntu/Downloads/apache-tomcat-9.0.79/webapps/host-manager]
20-Aug-2023 00:03:24.714 INFO [main] org.apache.catalina.startup.HostConfig.deployDirectory Deployment of web application directory [/home/ubuntu/Downloads/apache-tomcat-9.0.79/webapps/host-manager] has finished in [20] ms
20-Aug-2023 00:03:24.717 INFO [main] org.apache.coyote.AbstractProtocol.start Starting ProtocolHandler ["http-nio-3000"]
20-Aug-2023 00:03:24.733 INFO [main] org.apache.catalina.startup.Catalina.start Server startup in [1206] milliseconds
20-Aug-2023 17:05:41.324 INFO [main] org.apache.catalina.core.StandardServer.await A valid shutdown command was received via the shutdown port. Stopping the Server instance.
20-Aug-2023 17:05:41.326 INFO [main] org.apache.coyote.AbstractProtocol.pause Pausing ProtocolHandler ["http-nio-3000"]
20-Aug-2023 17:05:41.334 INFO [main] org.apache.catalina.core.StandardService.stopInternal Stopping service [Catalina]
20-Aug-2023 17:05:41.408 INFO [main] org.apache.coyote.AbstractProtocol.stop Stopping ProtocolHandler ["http-nio-3000"]
20-Aug-2023 17:05:41.425 INFO [main] org.apache.coyote.AbstractProtocol.destroy Destroying ProtocolHandler ["http-nio-3000"]
