19-Aug-2023 14:46:27.011 INFO [main] org.apache.catalina.core.ApplicationContext.log ContextListener: contextInitialized()
19-Aug-2023 14:46:27.012 INFO [main] org.apache.catalina.core.ApplicationContext.log SessionListener: contextInitialized()
19-Aug-2023 14:46:27.013 INFO [main] org.apache.catalina.core.ApplicationContext.log ContextListener: attributeAdded('StockTicker', 'async.Stockticker@71c3b41')
19-Aug-2023 14:56:59.173 INFO [main] org.apache.catalina.core.ApplicationContext.log SessionListener: contextDestroyed()
19-Aug-2023 14:56:59.174 INFO [main] org.apache.catalina.core.ApplicationContext.log ContextListener: contextDestroyed()
19-Aug-2023 15:01:34.472 INFO [main] org.apache.catalina.core.ApplicationContext.log ContextListener: contextInitialized()
19-Aug-2023 15:01:34.474 INFO [main] org.apache.catalina.core.ApplicationContext.log SessionListener: contextInitialized()
19-Aug-2023 15:01:34.475 INFO [main] org.apache.catalina.core.ApplicationContext.log ContextListener: attributeAdded('StockTicker', 'async.Stockticker@71c3b41')
19-Aug-2023 15:06:34.984 INFO [main] org.apache.catalina.core.ApplicationContext.log SessionListener: contextDestroyed()
19-Aug-2023 15:06:34.987 INFO [main] org.apache.catalina.core.ApplicationContext.log ContextListener: contextDestroyed()
19-Aug-2023 15:09:05.922 INFO [main] org.apache.catalina.core.ApplicationContext.log ContextListener: contextInitialized()
19-Aug-2023 15:09:05.922 INFO [main] org.apache.catalina.core.ApplicationContext.log SessionListener: contextInitialized()
19-Aug-2023 15:09:05.927 INFO [main] org.apache.catalina.core.ApplicationContext.log ContextListener: attributeAdded('StockTicker', 'async.Stockticker@ba54932')
19-Aug-2023 15:10:56.323 INFO [main] org.apache.catalina.core.ApplicationContext.log SessionListener: contextDestroyed()
19-Aug-2023 15:10:56.323 INFO [main] org.apache.catalina.core.ApplicationContext.log ContextListener: contextDestroyed()
19-Aug-2023 15:38:34.432 INFO [main] org.apache.catalina.core.ApplicationContext.log ContextListener: contextInitialized()
19-Aug-2023 15:38:34.432 INFO [main] org.apache.catalina.core.ApplicationContext.log SessionListener: contextInitialized()
19-Aug-2023 15:38:34.439 INFO [main] org.apache.catalina.core.ApplicationContext.log ContextListener: attributeAdded('StockTicker', 'async.Stockticker@71c3b41')
19-Aug-2023 15:43:12.039 INFO [main] org.apache.catalina.core.ApplicationContext.log SessionListener: contextDestroyed()
19-Aug-2023 15:43:12.039 INFO [main] org.apache.catalina.core.ApplicationContext.log ContextListener: contextDestroyed()
19-Aug-2023 15:45:50.397 INFO [main] org.apache.catalina.core.ApplicationContext.log ContextListener: contextInitialized()
19-Aug-2023 15:45:50.397 INFO [main] org.apache.catalina.core.ApplicationContext.log SessionListener: contextInitialized()
19-Aug-2023 15:45:50.399 INFO [main] org.apache.catalina.core.ApplicationContext.log ContextListener: attributeAdded('StockTicker', 'async.Stockticker@71c3b41')
19-Aug-2023 15:46:12.861 INFO [main] org.apache.catalina.core.ApplicationContext.log SessionListener: contextDestroyed()
19-Aug-2023 15:46:12.861 INFO [main] org.apache.catalina.core.ApplicationContext.log ContextListener: contextDestroyed()
19-Aug-2023 15:48:04.314 INFO [main] org.apache.catalina.core.ApplicationContext.log ContextListener: contextInitialized()
19-Aug-2023 15:48:04.315 INFO [main] org.apache.catalina.core.ApplicationContext.log SessionListener: contextInitialized()
19-Aug-2023 15:48:04.316 INFO [main] org.apache.catalina.core.ApplicationContext.log ContextListener: attributeAdded('StockTicker', 'async.Stockticker@71c3b41')
19-Aug-2023 15:49:14.243 INFO [main] org.apache.catalina.core.ApplicationContext.log SessionListener: contextDestroyed()
19-Aug-2023 15:49:14.243 INFO [main] org.apache.catalina.core.ApplicationContext.log ContextListener: contextDestroyed()
19-Aug-2023 15:49:18.378 INFO [main] org.apache.catalina.core.ApplicationContext.log ContextListener: contextInitialized()
19-Aug-2023 15:49:18.379 INFO [main] org.apache.catalina.core.ApplicationContext.log SessionListener: contextInitialized()
19-Aug-2023 15:49:18.381 INFO [main] org.apache.catalina.core.ApplicationContext.log ContextListener: attributeAdded('StockTicker', 'async.Stockticker@71c3b41')
19-Aug-2023 15:50:10.235 INFO [main] org.apache.catalina.core.ApplicationContext.log SessionListener: contextDestroyed()
19-Aug-2023 15:50:10.236 INFO [main] org.apache.catalina.core.ApplicationContext.log ContextListener: contextDestroyed()
19-Aug-2023 15:50:14.848 INFO [main] org.apache.catalina.core.ApplicationContext.log ContextListener: contextInitialized()
19-Aug-2023 15:50:14.848 INFO [main] org.apache.catalina.core.ApplicationContext.log SessionListener: contextInitialized()
19-Aug-2023 15:50:14.849 INFO [main] org.apache.catalina.core.ApplicationContext.log ContextListener: attributeAdded('StockTicker', 'async.Stockticker@71c3b41')
19-Aug-2023 15:50:59.102 INFO [main] org.apache.catalina.core.ApplicationContext.log SessionListener: contextDestroyed()
19-Aug-2023 15:50:59.102 INFO [main] org.apache.catalina.core.ApplicationContext.log ContextListener: contextDestroyed()
19-Aug-2023 15:51:04.008 INFO [main] org.apache.catalina.core.ApplicationContext.log ContextListener: contextInitialized()
19-Aug-2023 15:51:04.008 INFO [main] org.apache.catalina.core.ApplicationContext.log SessionListener: contextInitialized()
19-Aug-2023 15:51:04.009 INFO [main] org.apache.catalina.core.ApplicationContext.log ContextListener: attributeAdded('StockTicker', 'async.Stockticker@71c3b41')
19-Aug-2023 15:51:30.422 INFO [main] org.apache.catalina.core.ApplicationContext.log SessionListener: contextDestroyed()
19-Aug-2023 15:51:30.422 INFO [main] org.apache.catalina.core.ApplicationContext.log ContextListener: contextDestroyed()
19-Aug-2023 15:52:00.783 INFO [main] org.apache.catalina.core.ApplicationContext.log ContextListener: contextInitialized()
19-Aug-2023 15:52:00.783 INFO [main] org.apache.catalina.core.ApplicationContext.log SessionListener: contextInitialized()
19-Aug-2023 15:52:00.785 INFO [main] org.apache.catalina.core.ApplicationContext.log ContextListener: attributeAdded('StockTicker', 'async.Stockticker@71c3b41')
19-Aug-2023 15:52:53.478 INFO [main] org.apache.catalina.core.ApplicationContext.log SessionListener: contextDestroyed()
19-Aug-2023 15:52:53.480 INFO [main] org.apache.catalina.core.ApplicationContext.log ContextListener: contextDestroyed()
19-Aug-2023 15:52:58.959 INFO [main] org.apache.catalina.core.ApplicationContext.log ContextListener: contextInitialized()
19-Aug-2023 15:52:58.959 INFO [main] org.apache.catalina.core.ApplicationContext.log SessionListener: contextInitialized()
19-Aug-2023 15:52:58.961 INFO [main] org.apache.catalina.core.ApplicationContext.log ContextListener: attributeAdded('StockTicker', 'async.Stockticker@71c3b41')
19-Aug-2023 15:54:18.701 INFO [main] org.apache.catalina.core.ApplicationContext.log SessionListener: contextDestroyed()
19-Aug-2023 15:54:18.701 INFO [main] org.apache.catalina.core.ApplicationContext.log ContextListener: contextDestroyed()
19-Aug-2023 15:54:23.475 INFO [main] org.apache.catalina.core.ApplicationContext.log ContextListener: contextInitialized()
19-Aug-2023 15:54:23.475 INFO [main] org.apache.catalina.core.ApplicationContext.log SessionListener: contextInitialized()
19-Aug-2023 15:54:23.477 INFO [main] org.apache.catalina.core.ApplicationContext.log ContextListener: attributeAdded('StockTicker', 'async.Stockticker@71c3b41')
19-Aug-2023 15:56:43.870 INFO [main] org.apache.catalina.core.ApplicationContext.log SessionListener: contextDestroyed()
19-Aug-2023 15:56:43.871 INFO [main] org.apache.catalina.core.ApplicationContext.log ContextListener: contextDestroyed()
19-Aug-2023 15:56:48.395 INFO [main] org.apache.catalina.core.ApplicationContext.log ContextListener: contextInitialized()
19-Aug-2023 15:56:48.395 INFO [main] org.apache.catalina.core.ApplicationContext.log SessionListener: contextInitialized()
19-Aug-2023 15:56:48.396 INFO [main] org.apache.catalina.core.ApplicationContext.log ContextListener: attributeAdded('StockTicker', 'async.Stockticker@71c3b41')
19-Aug-2023 15:58:00.455 INFO [main] org.apache.catalina.core.ApplicationContext.log SessionListener: contextDestroyed()
19-Aug-2023 15:58:00.455 INFO [main] org.apache.catalina.core.ApplicationContext.log ContextListener: contextDestroyed()
19-Aug-2023 15:58:05.884 INFO [main] org.apache.catalina.core.ApplicationContext.log ContextListener: contextInitialized()
19-Aug-2023 15:58:05.885 INFO [main] org.apache.catalina.core.ApplicationContext.log SessionListener: contextInitialized()
19-Aug-2023 15:58:05.886 INFO [main] org.apache.catalina.core.ApplicationContext.log ContextListener: attributeAdded('StockTicker', 'async.Stockticker@71c3b41')
19-Aug-2023 16:02:13.056 INFO [main] org.apache.catalina.core.ApplicationContext.log SessionListener: contextDestroyed()
19-Aug-2023 16:02:13.056 INFO [main] org.apache.catalina.core.ApplicationContext.log ContextListener: contextDestroyed()
19-Aug-2023 16:02:26.226 INFO [main] org.apache.catalina.core.ApplicationContext.log ContextListener: contextInitialized()
19-Aug-2023 16:02:26.226 INFO [main] org.apache.catalina.core.ApplicationContext.log SessionListener: contextInitialized()
19-Aug-2023 16:02:26.227 INFO [main] org.apache.catalina.core.ApplicationContext.log ContextListener: attributeAdded('StockTicker', 'async.Stockticker@71c3b41')
19-Aug-2023 16:05:20.900 INFO [main] org.apache.catalina.core.ApplicationContext.log SessionListener: contextDestroyed()
19-Aug-2023 16:05:20.900 INFO [main] org.apache.catalina.core.ApplicationContext.log ContextListener: contextDestroyed()
19-Aug-2023 16:06:13.448 INFO [main] org.apache.catalina.core.ApplicationContext.log ContextListener: contextInitialized()
19-Aug-2023 16:06:13.449 INFO [main] org.apache.catalina.core.ApplicationContext.log SessionListener: contextInitialized()
19-Aug-2023 16:06:13.451 INFO [main] org.apache.catalina.core.ApplicationContext.log ContextListener: attributeAdded('StockTicker', 'async.Stockticker@71c3b41')
19-Aug-2023 16:09:07.020 INFO [main] org.apache.catalina.core.ApplicationContext.log SessionListener: contextDestroyed()
19-Aug-2023 16:09:07.020 INFO [main] org.apache.catalina.core.ApplicationContext.log ContextListener: contextDestroyed()
19-Aug-2023 16:09:11.353 INFO [main] org.apache.catalina.core.ApplicationContext.log ContextListener: contextInitialized()
19-Aug-2023 16:09:11.353 INFO [main] org.apache.catalina.core.ApplicationContext.log SessionListener: contextInitialized()
19-Aug-2023 16:09:11.355 INFO [main] org.apache.catalina.core.ApplicationContext.log ContextListener: attributeAdded('StockTicker', 'async.Stockticker@71c3b41')
19-Aug-2023 16:09:34.001 INFO [main] org.apache.catalina.core.ApplicationContext.log SessionListener: contextDestroyed()
19-Aug-2023 16:09:34.002 INFO [main] org.apache.catalina.core.ApplicationContext.log ContextListener: contextDestroyed()
19-Aug-2023 16:09:37.529 INFO [main] org.apache.catalina.core.ApplicationContext.log ContextListener: contextInitialized()
19-Aug-2023 16:09:37.533 INFO [main] org.apache.catalina.core.ApplicationContext.log SessionListener: contextInitialized()
19-Aug-2023 16:09:37.535 INFO [main] org.apache.catalina.core.ApplicationContext.log ContextListener: attributeAdded('StockTicker', 'async.Stockticker@71c3b41')
19-Aug-2023 16:12:49.577 INFO [main] org.apache.catalina.core.ApplicationContext.log SessionListener: contextDestroyed()
19-Aug-2023 16:12:49.579 INFO [main] org.apache.catalina.core.ApplicationContext.log ContextListener: contextDestroyed()
19-Aug-2023 16:13:18.046 INFO [main] org.apache.catalina.core.ApplicationContext.log ContextListener: contextInitialized()
19-Aug-2023 16:13:18.054 INFO [main] org.apache.catalina.core.ApplicationContext.log SessionListener: contextInitialized()
19-Aug-2023 16:13:18.055 INFO [main] org.apache.catalina.core.ApplicationContext.log ContextListener: attributeAdded('StockTicker', 'async.Stockticker@71c3b41')
19-Aug-2023 16:13:45.790 INFO [main] org.apache.catalina.core.ApplicationContext.log ContextListener: contextInitialized()
19-Aug-2023 16:13:45.792 INFO [main] org.apache.catalina.core.ApplicationContext.log SessionListener: contextInitialized()
19-Aug-2023 16:13:45.793 INFO [main] org.apache.catalina.core.ApplicationContext.log ContextListener: attributeAdded('StockTicker', 'async.Stockticker@36b4fe2a')
19-Aug-2023 16:13:46.048 INFO [main] org.apache.catalina.core.ApplicationContext.log SessionListener: contextDestroyed()
19-Aug-2023 16:13:46.057 INFO [main] org.apache.catalina.core.ApplicationContext.log ContextListener: contextDestroyed()
19-Aug-2023 16:17:31.004 INFO [main] org.apache.catalina.core.ApplicationContext.log SessionListener: contextDestroyed()
19-Aug-2023 16:17:31.004 INFO [main] org.apache.catalina.core.ApplicationContext.log ContextListener: contextDestroyed()
19-Aug-2023 16:17:36.412 INFO [main] org.apache.catalina.core.ApplicationContext.log ContextListener: contextInitialized()
19-Aug-2023 16:17:36.412 INFO [main] org.apache.catalina.core.ApplicationContext.log SessionListener: contextInitialized()
19-Aug-2023 16:17:36.414 INFO [main] org.apache.catalina.core.ApplicationContext.log ContextListener: attributeAdded('StockTicker', 'async.Stockticker@71c3b41')
19-Aug-2023 16:25:31.350 INFO [main] org.apache.catalina.core.ApplicationContext.log SessionListener: contextDestroyed()
19-Aug-2023 16:25:31.352 INFO [main] org.apache.catalina.core.ApplicationContext.log ContextListener: contextDestroyed()
19-Aug-2023 16:25:36.039 INFO [main] org.apache.catalina.core.ApplicationContext.log ContextListener: contextInitialized()
19-Aug-2023 16:25:36.041 INFO [main] org.apache.catalina.core.ApplicationContext.log SessionListener: contextInitialized()
19-Aug-2023 16:25:36.042 INFO [main] org.apache.catalina.core.ApplicationContext.log ContextListener: attributeAdded('StockTicker', 'async.Stockticker@71c3b41')
19-Aug-2023 16:35:51.806 INFO [main] org.apache.catalina.core.ApplicationContext.log SessionListener: contextDestroyed()
19-Aug-2023 16:35:51.806 INFO [main] org.apache.catalina.core.ApplicationContext.log ContextListener: contextDestroyed()
19-Aug-2023 16:45:11.617 INFO [main] org.apache.catalina.core.ApplicationContext.log ContextListener: contextInitialized()
19-Aug-2023 16:45:11.618 INFO [main] org.apache.catalina.core.ApplicationContext.log SessionListener: contextInitialized()
19-Aug-2023 16:45:11.619 INFO [main] org.apache.catalina.core.ApplicationContext.log ContextListener: attributeAdded('StockTicker', 'async.Stockticker@71c3b41')
19-Aug-2023 17:01:54.670 INFO [main] org.apache.catalina.core.ApplicationContext.log ContextListener: contextInitialized()
19-Aug-2023 17:01:54.671 INFO [main] org.apache.catalina.core.ApplicationContext.log SessionListener: contextInitialized()
19-Aug-2023 17:01:54.673 INFO [main] org.apache.catalina.core.ApplicationContext.log ContextListener: attributeAdded('StockTicker', 'async.Stockticker@36b4fe2a')
19-Aug-2023 17:01:54.893 INFO [main] org.apache.catalina.core.ApplicationContext.log SessionListener: contextDestroyed()
19-Aug-2023 17:01:54.894 INFO [main] org.apache.catalina.core.ApplicationContext.log ContextListener: contextDestroyed()
19-Aug-2023 17:02:06.814 INFO [main] org.apache.catalina.core.ApplicationContext.log SessionListener: contextDestroyed()
19-Aug-2023 17:02:06.814 INFO [main] org.apache.catalina.core.ApplicationContext.log ContextListener: contextDestroyed()
19-Aug-2023 17:03:08.761 INFO [main] org.apache.catalina.core.ApplicationContext.log ContextListener: contextInitialized()
19-Aug-2023 17:03:08.762 INFO [main] org.apache.catalina.core.ApplicationContext.log SessionListener: contextInitialized()
19-Aug-2023 17:03:08.764 INFO [main] org.apache.catalina.core.ApplicationContext.log ContextListener: attributeAdded('StockTicker', 'async.Stockticker@71c3b41')
19-Aug-2023 17:22:38.428 INFO [main] org.apache.catalina.core.ApplicationContext.log ContextListener: contextInitialized()
19-Aug-2023 17:22:38.429 INFO [main] org.apache.catalina.core.ApplicationContext.log SessionListener: contextInitialized()
19-Aug-2023 17:22:38.430 INFO [main] org.apache.catalina.core.ApplicationContext.log ContextListener: attributeAdded('StockTicker', 'async.Stockticker@36b4fe2a')
19-Aug-2023 17:22:38.511 INFO [main] org.apache.catalina.core.ApplicationContext.log SessionListener: contextDestroyed()
19-Aug-2023 17:22:38.511 INFO [main] org.apache.catalina.core.ApplicationContext.log ContextListener: contextDestroyed()
19-Aug-2023 17:23:05.567 INFO [main] org.apache.catalina.core.ApplicationContext.log SessionListener: contextDestroyed()
19-Aug-2023 17:23:05.568 INFO [main] org.apache.catalina.core.ApplicationContext.log ContextListener: contextDestroyed()
19-Aug-2023 17:23:10.666 INFO [main] org.apache.catalina.core.ApplicationContext.log ContextListener: contextInitialized()
19-Aug-2023 17:23:10.666 INFO [main] org.apache.catalina.core.ApplicationContext.log SessionListener: contextInitialized()
19-Aug-2023 17:23:10.667 INFO [main] org.apache.catalina.core.ApplicationContext.log ContextListener: attributeAdded('StockTicker', 'async.Stockticker@71c3b41')
19-Aug-2023 17:26:14.973 INFO [main] org.apache.catalina.core.ApplicationContext.log SessionListener: contextDestroyed()
19-Aug-2023 17:26:14.973 INFO [main] org.apache.catalina.core.ApplicationContext.log ContextListener: contextDestroyed()
19-Aug-2023 17:26:19.004 INFO [main] org.apache.catalina.core.ApplicationContext.log ContextListener: contextInitialized()
19-Aug-2023 17:26:19.004 INFO [main] org.apache.catalina.core.ApplicationContext.log SessionListener: contextInitialized()
19-Aug-2023 17:26:19.007 INFO [main] org.apache.catalina.core.ApplicationContext.log ContextListener: attributeAdded('StockTicker', 'async.Stockticker@71c3b41')
19-Aug-2023 17:26:20.987 SEVERE [http-nio-3000-exec-1] org.apache.catalina.core.StandardWrapperValve.invoke Servlet.service() for servlet [jsp] in context with path [] threw exception [Unable to compile class for JSP: 

An error occurred at line: [2] in the jsp file: [/index.jsp]
thread cannot be resolved
1: <%
2: thread.sleep(3000);
3: %>
4: Hello tomcat !


Stacktrace:] with root cause
	org.apache.jasper.JasperException: Unable to compile class for JSP: 

An error occurred at line: [2] in the jsp file: [/index.jsp]
thread cannot be resolved
1: <%
2: thread.sleep(3000);
3: %>
4: Hello tomcat !


Stacktrace:
		at org.apache.jasper.compiler.DefaultErrorHandler.javacError(DefaultErrorHandler.java:102)
		at org.apache.jasper.compiler.ErrorDispatcher.javacError(ErrorDispatcher.java:213)
		at org.apache.jasper.compiler.JDTCompiler.generateClass(JDTCompiler.java:531)
		at org.apache.jasper.compiler.Compiler.compile(Compiler.java:398)
		at org.apache.jasper.compiler.Compiler.compile(Compiler.java:368)
		at org.apache.jasper.compiler.Compiler.compile(Compiler.java:352)
		at org.apache.jasper.JspCompilationContext.compile(JspCompilationContext.java:603)
		at org.apache.jasper.servlet.JspServletWrapper.service(JspServletWrapper.java:399)
		at org.apache.jasper.servlet.JspServlet.serviceJspFile(JspServlet.java:379)
		at org.apache.jasper.servlet.JspServlet.service(JspServlet.java:327)
		at javax.servlet.http.HttpServlet.service(HttpServlet.java:623)
		at org.apache.catalina.core.ApplicationFilterChain.internalDoFilter(ApplicationFilterChain.java:209)
		at org.apache.catalina.core.ApplicationFilterChain.doFilter(ApplicationFilterChain.java:153)
		at org.apache.tomcat.websocket.server.WsFilter.doFilter(WsFilter.java:51)
		at org.apache.catalina.core.ApplicationFilterChain.internalDoFilter(ApplicationFilterChain.java:178)
		at org.apache.catalina.core.ApplicationFilterChain.doFilter(ApplicationFilterChain.java:153)
		at org.apache.catalina.core.StandardWrapperValve.invoke(StandardWrapperValve.java:167)
		at org.apache.catalina.core.StandardContextValve.invoke(StandardContextValve.java:90)
		at org.apache.catalina.authenticator.AuthenticatorBase.invoke(AuthenticatorBase.java:481)
		at org.apache.catalina.core.StandardHostValve.invoke(StandardHostValve.java:130)
		at org.apache.catalina.valves.ErrorReportValve.invoke(ErrorReportValve.java:93)
		at org.apache.catalina.valves.AbstractAccessLogValve.invoke(AbstractAccessLogValve.java:673)
		at org.apache.catalina.core.StandardEngineValve.invoke(StandardEngineValve.java:74)
		at org.apache.catalina.connector.CoyoteAdapter.service(CoyoteAdapter.java:343)
		at org.apache.coyote.http11.Http11Processor.service(Http11Processor.java:390)
		at org.apache.coyote.AbstractProcessorLight.process(AbstractProcessorLight.java:63)
		at org.apache.coyote.AbstractProtocol$ConnectionHandler.process(AbstractProtocol.java:926)
		at org.apache.tomcat.util.net.NioEndpoint$SocketProcessor.doRun(NioEndpoint.java:1790)
		at org.apache.tomcat.util.net.SocketProcessorBase.run(SocketProcessorBase.java:52)
		at org.apache.tomcat.util.threads.ThreadPoolExecutor.runWorker(ThreadPoolExecutor.java:1191)
		at org.apache.tomcat.util.threads.ThreadPoolExecutor$Worker.run(ThreadPoolExecutor.java:659)
		at org.apache.tomcat.util.threads.TaskThread$WrappingRunnable.run(TaskThread.java:61)
		at java.lang.Thread.run(Thread.java:750)
19-Aug-2023 17:26:55.329 INFO [main] org.apache.catalina.core.ApplicationContext.log SessionListener: contextDestroyed()
19-Aug-2023 17:26:55.330 INFO [main] org.apache.catalina.core.ApplicationContext.log ContextListener: contextDestroyed()
19-Aug-2023 17:27:00.011 INFO [main] org.apache.catalina.core.ApplicationContext.log ContextListener: contextInitialized()
19-Aug-2023 17:27:00.011 INFO [main] org.apache.catalina.core.ApplicationContext.log SessionListener: contextInitialized()
19-Aug-2023 17:27:00.013 INFO [main] org.apache.catalina.core.ApplicationContext.log ContextListener: attributeAdded('StockTicker', 'async.Stockticker@71c3b41')
19-Aug-2023 17:35:47.540 INFO [main] org.apache.catalina.core.ApplicationContext.log SessionListener: contextDestroyed()
19-Aug-2023 17:35:47.541 INFO [main] org.apache.catalina.core.ApplicationContext.log ContextListener: contextDestroyed()
19-Aug-2023 17:35:52.208 INFO [main] org.apache.catalina.core.ApplicationContext.log ContextListener: contextInitialized()
19-Aug-2023 17:35:52.209 INFO [main] org.apache.catalina.core.ApplicationContext.log SessionListener: contextInitialized()
19-Aug-2023 17:35:52.210 INFO [main] org.apache.catalina.core.ApplicationContext.log ContextListener: attributeAdded('StockTicker', 'async.Stockticker@71c3b41')
19-Aug-2023 17:37:24.022 INFO [main] org.apache.catalina.core.ApplicationContext.log SessionListener: contextDestroyed()
19-Aug-2023 17:37:24.023 INFO [main] org.apache.catalina.core.ApplicationContext.log ContextListener: contextDestroyed()
19-Aug-2023 17:39:08.259 INFO [main] org.apache.catalina.core.ApplicationContext.log ContextListener: contextInitialized()
19-Aug-2023 17:39:08.260 INFO [main] org.apache.catalina.core.ApplicationContext.log SessionListener: contextInitialized()
19-Aug-2023 17:39:08.261 INFO [main] org.apache.catalina.core.ApplicationContext.log ContextListener: attributeAdded('StockTicker', 'async.Stockticker@71c3b41')
19-Aug-2023 17:39:59.832 INFO [main] org.apache.catalina.core.ApplicationContext.log SessionListener: contextDestroyed()
19-Aug-2023 17:39:59.833 INFO [main] org.apache.catalina.core.ApplicationContext.log ContextListener: contextDestroyed()
19-Aug-2023 17:40:04.631 INFO [main] org.apache.catalina.core.ApplicationContext.log ContextListener: contextInitialized()
19-Aug-2023 17:40:04.632 INFO [main] org.apache.catalina.core.ApplicationContext.log SessionListener: contextInitialized()
19-Aug-2023 17:40:04.634 INFO [main] org.apache.catalina.core.ApplicationContext.log ContextListener: attributeAdded('StockTicker', 'async.Stockticker@71c3b41')
19-Aug-2023 22:02:53.280 INFO [main] org.apache.catalina.core.ApplicationContext.log SessionListener: contextDestroyed()
19-Aug-2023 22:02:53.280 INFO [main] org.apache.catalina.core.ApplicationContext.log ContextListener: contextDestroyed()
19-Aug-2023 22:41:09.409 INFO [main] org.apache.catalina.core.ApplicationContext.log ContextListener: contextInitialized()
19-Aug-2023 22:41:09.410 INFO [main] org.apache.catalina.core.ApplicationContext.log SessionListener: contextInitialized()
19-Aug-2023 22:41:09.412 INFO [main] org.apache.catalina.core.ApplicationContext.log ContextListener: attributeAdded('StockTicker', 'async.Stockticker@71c3b41')
19-Aug-2023 22:45:02.719 INFO [main] org.apache.catalina.core.ApplicationContext.log SessionListener: contextDestroyed()
19-Aug-2023 22:45:02.720 INFO [main] org.apache.catalina.core.ApplicationContext.log ContextListener: contextDestroyed()
19-Aug-2023 22:45:06.945 INFO [main] org.apache.catalina.core.ApplicationContext.log ContextListener: contextInitialized()
19-Aug-2023 22:45:06.945 INFO [main] org.apache.catalina.core.ApplicationContext.log SessionListener: contextInitialized()
19-Aug-2023 22:45:06.949 INFO [main] org.apache.catalina.core.ApplicationContext.log ContextListener: attributeAdded('StockTicker', 'async.Stockticker@71c3b41')
19-Aug-2023 22:55:03.717 INFO [main] org.apache.catalina.core.ApplicationContext.log SessionListener: contextDestroyed()
19-Aug-2023 22:55:03.717 INFO [main] org.apache.catalina.core.ApplicationContext.log ContextListener: contextDestroyed()
19-Aug-2023 22:55:07.624 INFO [main] org.apache.catalina.core.ApplicationContext.log ContextListener: contextInitialized()
19-Aug-2023 22:55:07.628 INFO [main] org.apache.catalina.core.ApplicationContext.log SessionListener: contextInitialized()
19-Aug-2023 22:55:07.630 INFO [main] org.apache.catalina.core.ApplicationContext.log ContextListener: attributeAdded('StockTicker', 'async.Stockticker@71c3b41')
19-Aug-2023 22:56:23.131 INFO [main] org.apache.catalina.core.ApplicationContext.log SessionListener: contextDestroyed()
19-Aug-2023 22:56:23.131 INFO [main] org.apache.catalina.core.ApplicationContext.log ContextListener: contextDestroyed()
19-Aug-2023 22:56:29.353 INFO [main] org.apache.catalina.core.ApplicationContext.log ContextListener: contextInitialized()
19-Aug-2023 22:56:29.353 INFO [main] org.apache.catalina.core.ApplicationContext.log SessionListener: contextInitialized()
19-Aug-2023 22:56:29.354 INFO [main] org.apache.catalina.core.ApplicationContext.log ContextListener: attributeAdded('StockTicker', 'async.Stockticker@71c3b41')
19-Aug-2023 23:04:51.540 INFO [main] org.apache.catalina.core.ApplicationContext.log SessionListener: contextDestroyed()
19-Aug-2023 23:04:51.540 INFO [main] org.apache.catalina.core.ApplicationContext.log ContextListener: contextDestroyed()
19-Aug-2023 23:04:55.582 INFO [main] org.apache.catalina.core.ApplicationContext.log ContextListener: contextInitialized()
19-Aug-2023 23:04:55.582 INFO [main] org.apache.catalina.core.ApplicationContext.log SessionListener: contextInitialized()
19-Aug-2023 23:04:55.586 INFO [main] org.apache.catalina.core.ApplicationContext.log ContextListener: attributeAdded('StockTicker', 'async.Stockticker@71c3b41')
19-Aug-2023 23:11:18.258 INFO [main] org.apache.catalina.core.ApplicationContext.log SessionListener: contextDestroyed()
19-Aug-2023 23:11:18.258 INFO [main] org.apache.catalina.core.ApplicationContext.log ContextListener: contextDestroyed()
19-Aug-2023 23:18:33.539 INFO [main] org.apache.catalina.core.ApplicationContext.log ContextListener: contextInitialized()
19-Aug-2023 23:18:33.539 INFO [main] org.apache.catalina.core.ApplicationContext.log SessionListener: contextInitialized()
19-Aug-2023 23:18:33.541 INFO [main] org.apache.catalina.core.ApplicationContext.log ContextListener: attributeAdded('StockTicker', 'async.Stockticker@71c3b41')
19-Aug-2023 23:25:17.798 INFO [main] org.apache.catalina.core.ApplicationContext.log SessionListener: contextDestroyed()
19-Aug-2023 23:25:17.798 INFO [main] org.apache.catalina.core.ApplicationContext.log ContextListener: contextDestroyed()
19-Aug-2023 23:26:00.192 INFO [main] org.apache.catalina.core.ApplicationContext.log ContextListener: contextInitialized()
19-Aug-2023 23:26:00.193 INFO [main] org.apache.catalina.core.ApplicationContext.log SessionListener: contextInitialized()
19-Aug-2023 23:26:00.197 INFO [main] org.apache.catalina.core.ApplicationContext.log ContextListener: attributeAdded('StockTicker', 'async.Stockticker@5fa07e12')
19-Aug-2023 23:26:13.681 INFO [main] org.apache.catalina.core.ApplicationContext.log SessionListener: contextDestroyed()
19-Aug-2023 23:26:13.681 INFO [main] org.apache.catalina.core.ApplicationContext.log ContextListener: contextDestroyed()
19-Aug-2023 23:26:16.955 INFO [main] org.apache.catalina.core.ApplicationContext.log ContextListener: contextInitialized()
19-Aug-2023 23:26:16.955 INFO [main] org.apache.catalina.core.ApplicationContext.log SessionListener: contextInitialized()
19-Aug-2023 23:26:16.957 INFO [main] org.apache.catalina.core.ApplicationContext.log ContextListener: attributeAdded('StockTicker', 'async.Stockticker@5fa07e12')
19-Aug-2023 23:38:00.566 INFO [main] org.apache.catalina.core.ApplicationContext.log SessionListener: contextDestroyed()
19-Aug-2023 23:38:00.566 INFO [main] org.apache.catalina.core.ApplicationContext.log ContextListener: contextDestroyed()
19-Aug-2023 23:38:05.147 INFO [main] org.apache.catalina.core.ApplicationContext.log ContextListener: contextInitialized()
19-Aug-2023 23:38:05.149 INFO [main] org.apache.catalina.core.ApplicationContext.log SessionListener: contextInitialized()
19-Aug-2023 23:38:05.150 INFO [main] org.apache.catalina.core.ApplicationContext.log ContextListener: attributeAdded('StockTicker', 'async.Stockticker@366647c2')
19-Aug-2023 23:40:24.966 INFO [main] org.apache.catalina.core.ApplicationContext.log SessionListener: contextDestroyed()
19-Aug-2023 23:40:24.966 INFO [main] org.apache.catalina.core.ApplicationContext.log ContextListener: contextDestroyed()
19-Aug-2023 23:42:45.727 INFO [main] org.apache.catalina.core.ApplicationContext.log ContextListener: contextInitialized()
19-Aug-2023 23:42:45.727 INFO [main] org.apache.catalina.core.ApplicationContext.log SessionListener: contextInitialized()
19-Aug-2023 23:42:45.729 INFO [main] org.apache.catalina.core.ApplicationContext.log ContextListener: attributeAdded('StockTicker', 'async.Stockticker@3cc1435c')
19-Aug-2023 23:44:08.784 INFO [main] org.apache.catalina.core.ApplicationContext.log SessionListener: contextDestroyed()
19-Aug-2023 23:44:08.785 INFO [main] org.apache.catalina.core.ApplicationContext.log ContextListener: contextDestroyed()
19-Aug-2023 23:44:13.278 INFO [main] org.apache.catalina.core.ApplicationContext.log ContextListener: contextInitialized()
19-Aug-2023 23:44:13.278 INFO [main] org.apache.catalina.core.ApplicationContext.log SessionListener: contextInitialized()
19-Aug-2023 23:44:13.280 INFO [main] org.apache.catalina.core.ApplicationContext.log ContextListener: attributeAdded('StockTicker', 'async.Stockticker@3cc1435c')
19-Aug-2023 23:47:27.480 INFO [main] org.apache.catalina.core.ApplicationContext.log SessionListener: contextDestroyed()
19-Aug-2023 23:47:27.480 INFO [main] org.apache.catalina.core.ApplicationContext.log ContextListener: contextDestroyed()
19-Aug-2023 23:47:32.828 INFO [main] org.apache.catalina.core.ApplicationContext.log ContextListener: contextInitialized()
19-Aug-2023 23:47:32.828 INFO [main] org.apache.catalina.core.ApplicationContext.log SessionListener: contextInitialized()
19-Aug-2023 23:47:32.829 INFO [main] org.apache.catalina.core.ApplicationContext.log ContextListener: attributeAdded('StockTicker', 'async.Stockticker@3cc1435c')
19-Aug-2023 23:57:52.222 INFO [main] org.apache.catalina.core.ApplicationContext.log ContextListener: contextInitialized()
19-Aug-2023 23:57:52.223 INFO [main] org.apache.catalina.core.ApplicationContext.log SessionListener: contextInitialized()
19-Aug-2023 23:57:52.224 INFO [main] org.apache.catalina.core.ApplicationContext.log ContextListener: attributeAdded('StockTicker', 'async.Stockticker@ba54932')
19-Aug-2023 23:57:52.399 INFO [main] org.apache.catalina.core.ApplicationContext.log SessionListener: contextDestroyed()
19-Aug-2023 23:57:52.399 INFO [main] org.apache.catalina.core.ApplicationContext.log ContextListener: contextDestroyed()
